{
  "RSpec": {
    "coverage": {
      "/Users/bow05/cloud/smart_pension/log_processor.rb": [
        null,
        null,
        null,
        1,
        1,
        null,
        1,
        1,
        1,
        null,
        null,
        1,
        null,
        1,
        3,
        null,
        3,
        null,
        null,
        1,
        3,
        3,
        1000,
        null,
        null,
        null,
        2,
        null,
        null,
        null,
        null,
        1,
        null,
        1,
        988,
        988,
        988,
        null,
        null,
        1,
        12,
        null,
        null,
        1,
        26,
        null,
        null,
        1,
        26,
        null,
        null,
        1,
        1000,
        null,
        1000,
        null,
        null,
        null,
        null,
        null,
        null,
        null,
        null,
        null,
        null
      ]
    },
    "timestamp": 1557136608
  }
}
